<?xml version="1.0" encoding="UTF-8"?>
<!-- Generated by org.testng.reporters.JUnitXMLReporter -->
<testsuite ignored="0" hostname="DESKTOP-27QSGA0" failures="0" tests="20" name="Test" time="0.503" errors="0" timestamp="2024-06-25T14:40:54 IST">
  <testcase classname="MyCountry.Country2" name="ch" time="0.053"/>
  <testcase classname="MyCountry.Country2" name="eg" time="0.013"/>
  <testcase classname="MyCountry.Country2" name="eng" time="0.012"/>
  <testcase classname="MyCountry.Country2" name="fr" time="0.015"/>
  <testcase classname="MyCountry.Country2" name="pk" time="0.009"/>
  <testcase classname="MyCountry.Country2" name="sa" time="0.01"/>
  <testcase classname="MyCountry.Country2" name="srl" time="0.011"/>
  <testcase classname="MyCountry.Country3" name="bang" time="0.006"/>
  <testcase classname="MyCountry.Country3" name="jp" time="0.008"/>
  <testcase classname="MyCountry.Country3" name="ko" time="0.006"/>
  <testcase classname="MyCountry.Country3" name="mal" time="0.005"/>
  <testcase classname="MyCountry.Country3" name="sig" time="0.002"/>
  <testcase classname="MyCountry.Country3" name="som" time="0.009"/>
  <testcase classname="MyCountry.Country3" name="zim" time="0.003"/>
  <testcase classname="MyCountry.Country1" name="aus" time="0.004"/>
  <testcase classname="MyCountry.Country1" name="dk" time="0.002"/>
  <testcase classname="MyCountry.Country1" name="ind" time="0.002"/>
  <testcase classname="MyCountry.Country1" name="it" time="0.002"/>
  <testcase classname="MyCountry.Country1" name="nl" time="0.004"/>
  <testcase classname="MyCountry.Country1" name="sn" time="0.003"/>
</testsuite> <!-- Test -->
