<?xml version="1.0" encoding="UTF-8"?>
<testng-results ignored="0" total="20" passed="20" failed="0" skipped="0">
  <reporter-output>
  </reporter-output>
  <suite started-at="2024-06-25T14:40:53 IST" name="Suite" finished-at="2024-06-25T14:40:54 IST" duration-ms="503">
    <groups>
    </groups>
    <test started-at="2024-06-25T14:40:53 IST" name="Test" finished-at="2024-06-25T14:40:54 IST" duration-ms="503">
      <class name="MyCountry.Country1">
        <test-method signature="aus()[pri:0, instance:MyCountry.Country1@4ec4f3a0]" started-at="2024-06-25T14:40:54 IST" name="aus" finished-at="2024-06-25T14:40:54 IST" duration-ms="4" status="PASS">
          <reporter-output>
          </reporter-output>
        </test-method> <!-- aus -->
        <test-method signature="dk()[pri:0, instance:MyCountry.Country1@4ec4f3a0]" started-at="2024-06-25T14:40:54 IST" name="dk" finished-at="2024-06-25T14:40:54 IST" duration-ms="2" status="PASS">
          <reporter-output>
          </reporter-output>
        </test-method> <!-- dk -->
        <test-method signature="ind()[pri:0, instance:MyCountry.Country1@4ec4f3a0]" started-at="2024-06-25T14:40:54 IST" name="ind" finished-at="2024-06-25T14:40:54 IST" duration-ms="2" status="PASS">
          <reporter-output>
          </reporter-output>
        </test-method> <!-- ind -->
        <test-method signature="it()[pri:0, instance:MyCountry.Country1@4ec4f3a0]" started-at="2024-06-25T14:40:54 IST" name="it" finished-at="2024-06-25T14:40:54 IST" duration-ms="2" status="PASS">
          <reporter-output>
          </reporter-output>
        </test-method> <!-- it -->
        <test-method signature="nl()[pri:0, instance:MyCountry.Country1@4ec4f3a0]" started-at="2024-06-25T14:40:54 IST" name="nl" finished-at="2024-06-25T14:40:54 IST" duration-ms="4" status="PASS">
          <reporter-output>
          </reporter-output>
        </test-method> <!-- nl -->
        <test-method signature="sn()[pri:0, instance:MyCountry.Country1@4ec4f3a0]" started-at="2024-06-25T14:40:54 IST" name="sn" finished-at="2024-06-25T14:40:54 IST" duration-ms="3" status="PASS">
          <reporter-output>
          </reporter-output>
        </test-method> <!-- sn -->
      </class> <!-- MyCountry.Country1 -->
      <class name="MyCountry.Country3">
        <test-method signature="bang()[pri:0, instance:MyCountry.Country3@4550bb58]" started-at="2024-06-25T14:40:53 IST" name="bang" finished-at="2024-06-25T14:40:53 IST" duration-ms="6" status="PASS">
          <reporter-output>
          </reporter-output>
        </test-method> <!-- bang -->
        <test-method signature="jp()[pri:0, instance:MyCountry.Country3@4550bb58]" started-at="2024-06-25T14:40:53 IST" name="jp" finished-at="2024-06-25T14:40:53 IST" duration-ms="8" status="PASS">
          <reporter-output>
          </reporter-output>
        </test-method> <!-- jp -->
        <test-method signature="ko()[pri:0, instance:MyCountry.Country3@4550bb58]" started-at="2024-06-25T14:40:53 IST" name="ko" finished-at="2024-06-25T14:40:53 IST" duration-ms="6" status="PASS">
          <reporter-output>
          </reporter-output>
        </test-method> <!-- ko -->
        <test-method signature="mal()[pri:0, instance:MyCountry.Country3@4550bb58]" started-at="2024-06-25T14:40:54 IST" name="mal" finished-at="2024-06-25T14:40:54 IST" duration-ms="5" status="PASS">
          <reporter-output>
          </reporter-output>
        </test-method> <!-- mal -->
        <test-method signature="sig()[pri:0, instance:MyCountry.Country3@4550bb58]" started-at="2024-06-25T14:40:54 IST" name="sig" finished-at="2024-06-25T14:40:54 IST" duration-ms="2" status="PASS">
          <reporter-output>
          </reporter-output>
        </test-method> <!-- sig -->
        <test-method signature="som()[pri:0, instance:MyCountry.Country3@4550bb58]" started-at="2024-06-25T14:40:54 IST" name="som" finished-at="2024-06-25T14:40:54 IST" duration-ms="9" status="PASS">
          <reporter-output>
          </reporter-output>
        </test-method> <!-- som -->
        <test-method signature="zim()[pri:0, instance:MyCountry.Country3@4550bb58]" started-at="2024-06-25T14:40:54 IST" name="zim" finished-at="2024-06-25T14:40:54 IST" duration-ms="3" status="PASS">
          <reporter-output>
          </reporter-output>
        </test-method> <!-- zim -->
      </class> <!-- MyCountry.Country3 -->
      <class name="MyCountry.Country2">
        <test-method signature="ch()[pri:0, instance:MyCountry.Country2@131774fe]" started-at="2024-06-25T14:40:53 IST" name="ch" finished-at="2024-06-25T14:40:53 IST" duration-ms="53" status="PASS">
          <reporter-output>
          </reporter-output>
        </test-method> <!-- ch -->
        <test-method signature="eg()[pri:0, instance:MyCountry.Country2@131774fe]" started-at="2024-06-25T14:40:53 IST" name="eg" finished-at="2024-06-25T14:40:53 IST" duration-ms="13" status="PASS">
          <reporter-output>
          </reporter-output>
        </test-method> <!-- eg -->
        <test-method signature="eng()[pri:0, instance:MyCountry.Country2@131774fe]" started-at="2024-06-25T14:40:53 IST" name="eng" finished-at="2024-06-25T14:40:53 IST" duration-ms="12" status="PASS">
          <reporter-output>
          </reporter-output>
        </test-method> <!-- eng -->
        <test-method signature="fr()[pri:0, instance:MyCountry.Country2@131774fe]" started-at="2024-06-25T14:40:53 IST" name="fr" finished-at="2024-06-25T14:40:53 IST" duration-ms="15" status="PASS">
          <reporter-output>
          </reporter-output>
        </test-method> <!-- fr -->
        <test-method signature="pk()[pri:0, instance:MyCountry.Country2@131774fe]" started-at="2024-06-25T14:40:53 IST" name="pk" finished-at="2024-06-25T14:40:53 IST" duration-ms="9" status="PASS">
          <reporter-output>
          </reporter-output>
        </test-method> <!-- pk -->
        <test-method signature="sa()[pri:0, instance:MyCountry.Country2@131774fe]" started-at="2024-06-25T14:40:53 IST" name="sa" finished-at="2024-06-25T14:40:53 IST" duration-ms="10" status="PASS">
          <reporter-output>
          </reporter-output>
        </test-method> <!-- sa -->
        <test-method signature="srl()[pri:0, instance:MyCountry.Country2@131774fe]" started-at="2024-06-25T14:40:53 IST" name="srl" finished-at="2024-06-25T14:40:53 IST" duration-ms="11" status="PASS">
          <reporter-output>
          </reporter-output>
        </test-method> <!-- srl -->
      </class> <!-- MyCountry.Country2 -->
    </test> <!-- Test -->
  </suite> <!-- Suite -->
</testng-results>
